<?xml version="1.0" encoding="UTF-8"?>
<testng-results skipped="0" failed="0" ignored="0" total="1" passed="1">
  <reporter-output>
  </reporter-output>
  <suite name="Default suite" duration-ms="23924" started-at="2022-03-01T16:23:11 IST" finished-at="2022-03-01T16:23:35 IST">
    <groups>
    </groups>
    <test name="Default test" duration-ms="23924" started-at="2022-03-01T16:23:11 IST" finished-at="2022-03-01T16:23:35 IST">
      <class name="zooperTestcase.TC_001_SearchLocation">
        <test-method status="PASS" signature="setUp()[pri:0, instance:zooperTestcase.TC_001_SearchLocation@2db7a79b]" name="setUp" is-config="true" duration-ms="19175" started-at="2022-03-01T16:23:11 IST" finished-at="2022-03-01T16:23:30 IST">
          <reporter-output>
          </reporter-output>
        </test-method> <!-- setUp -->
        <test-method status="PASS" signature="location()[pri:0, instance:zooperTestcase.TC_001_SearchLocation@2db7a79b]" name="location" duration-ms="4281" started-at="2022-03-01T16:23:30 IST" finished-at="2022-03-01T16:23:34 IST">
          <reporter-output>
          </reporter-output>
        </test-method> <!-- location -->
        <test-method status="PASS" signature="tearDown()[pri:0, instance:zooperTestcase.TC_001_SearchLocation@2db7a79b]" name="tearDown" is-config="true" duration-ms="407" started-at="2022-03-01T16:23:34 IST" finished-at="2022-03-01T16:23:35 IST">
          <reporter-output>
          </reporter-output>
        </test-method> <!-- tearDown -->
      </class> <!-- zooperTestcase.TC_001_SearchLocation -->
    </test> <!-- Default test -->
  </suite> <!-- Default suite -->
</testng-results>
